  domain.cpp
C:\Users\User\OneDrive\Desktop\faculta\SEM 2\Programare orientare obiect\test 3 practice\TESTING (lab 3 test)\TESTING (lab 3 test)\domain.cpp(12,5): error C4996: 'strcpy': This function or variable may be unsafe. Consider using strcpy_s instead. To disable deprecation, use _CRT_SECURE_NO_WARNINGS. See online help for details.
C:\Users\User\OneDrive\Desktop\faculta\SEM 2\Programare orientare obiect\test 3 practice\TESTING (lab 3 test)\TESTING (lab 3 test)\domain.cpp(13,5): error C4996: 'strcpy': This function or variable may be unsafe. Consider using strcpy_s instead. To disable deprecation, use _CRT_SECURE_NO_WARNINGS. See online help for details.
C:\Users\User\OneDrive\Desktop\faculta\SEM 2\Programare orientare obiect\test 3 practice\TESTING (lab 3 test)\TESTING (lab 3 test)\domain.cpp(14,5): error C4996: 'strcpy': This function or variable may be unsafe. Consider using strcpy_s instead. To disable deprecation, use _CRT_SECURE_NO_WARNINGS. See online help for details.
  ui.cpp
C:\Users\User\OneDrive\Desktop\faculta\SEM 2\Programare orientare obiect\test 3 practice\TESTING (lab 3 test)\TESTING (lab 3 test)\ui.cpp(11,5): error C2664: 'void add_protein_service(char [],char [],char [])': cannot convert argument 1 from 'const char [6]' to 'char []'
C:\Users\User\OneDrive\Desktop\faculta\SEM 2\Programare orientare obiect\test 3 practice\TESTING (lab 3 test)\TESTING (lab 3 test)\ui.cpp(11,25): message : Conversion from string literal loses const qualifier (see /Zc:strictStrings)
C:\Users\User\OneDrive\Desktop\faculta\SEM 2\Programare orientare obiect\test 3 practice\TESTING (lab 3 test)\TESTING (lab 3 test)\Service.h(9,6): message : see declaration of 'add_protein_service'
C:\Users\User\OneDrive\Desktop\faculta\SEM 2\Programare orientare obiect\test 3 practice\TESTING (lab 3 test)\TESTING (lab 3 test)\ui.cpp(11,5): message : while trying to match the argument list '(const char [6], const char [11], const char [15])'
C:\Users\User\OneDrive\Desktop\faculta\SEM 2\Programare orientare obiect\test 3 practice\TESTING (lab 3 test)\TESTING (lab 3 test)\ui.cpp(12,5): error C2664: 'void add_protein_service(char [],char [],char [])': cannot convert argument 1 from 'const char [6]' to 'char []'
C:\Users\User\OneDrive\Desktop\faculta\SEM 2\Programare orientare obiect\test 3 practice\TESTING (lab 3 test)\TESTING (lab 3 test)\ui.cpp(12,25): message : Conversion from string literal loses const qualifier (see /Zc:strictStrings)
C:\Users\User\OneDrive\Desktop\faculta\SEM 2\Programare orientare obiect\test 3 practice\TESTING (lab 3 test)\TESTING (lab 3 test)\Service.h(9,6): message : see declaration of 'add_protein_service'
C:\Users\User\OneDrive\Desktop\faculta\SEM 2\Programare orientare obiect\test 3 practice\TESTING (lab 3 test)\TESTING (lab 3 test)\ui.cpp(12,5): message : while trying to match the argument list '(const char [6], const char [8], const char [10])'
C:\Users\User\OneDrive\Desktop\faculta\SEM 2\Programare orientare obiect\test 3 practice\TESTING (lab 3 test)\TESTING (lab 3 test)\ui.cpp(13,5): error C2664: 'void add_protein_service(char [],char [],char [])': cannot convert argument 1 from 'const char [6]' to 'char []'
C:\Users\User\OneDrive\Desktop\faculta\SEM 2\Programare orientare obiect\test 3 practice\TESTING (lab 3 test)\TESTING (lab 3 test)\ui.cpp(13,25): message : Conversion from string literal loses const qualifier (see /Zc:strictStrings)
C:\Users\User\OneDrive\Desktop\faculta\SEM 2\Programare orientare obiect\test 3 practice\TESTING (lab 3 test)\TESTING (lab 3 test)\Service.h(9,6): message : see declaration of 'add_protein_service'
C:\Users\User\OneDrive\Desktop\faculta\SEM 2\Programare orientare obiect\test 3 practice\TESTING (lab 3 test)\TESTING (lab 3 test)\ui.cpp(13,5): message : while trying to match the argument list '(const char [6], const char [8], const char [14])'
C:\Users\User\OneDrive\Desktop\faculta\SEM 2\Programare orientare obiect\test 3 practice\TESTING (lab 3 test)\TESTING (lab 3 test)\ui.cpp(14,5): error C2664: 'void add_protein_service(char [],char [],char [])': cannot convert argument 1 from 'const char [7]' to 'char []'
C:\Users\User\OneDrive\Desktop\faculta\SEM 2\Programare orientare obiect\test 3 practice\TESTING (lab 3 test)\TESTING (lab 3 test)\ui.cpp(14,25): message : Conversion from string literal loses const qualifier (see /Zc:strictStrings)
C:\Users\User\OneDrive\Desktop\faculta\SEM 2\Programare orientare obiect\test 3 practice\TESTING (lab 3 test)\TESTING (lab 3 test)\Service.h(9,6): message : see declaration of 'add_protein_service'
C:\Users\User\OneDrive\Desktop\faculta\SEM 2\Programare orientare obiect\test 3 practice\TESTING (lab 3 test)\TESTING (lab 3 test)\ui.cpp(14,5): message : while trying to match the argument list '(const char [7], const char [5], const char [13])'
C:\Users\User\OneDrive\Desktop\faculta\SEM 2\Programare orientare obiect\test 3 practice\TESTING (lab 3 test)\TESTING (lab 3 test)\ui.cpp(15,5): error C2664: 'void add_protein_service(char [],char [],char [])': cannot convert argument 1 from 'const char [7]' to 'char []'
C:\Users\User\OneDrive\Desktop\faculta\SEM 2\Programare orientare obiect\test 3 practice\TESTING (lab 3 test)\TESTING (lab 3 test)\ui.cpp(15,25): message : Conversion from string literal loses const qualifier (see /Zc:strictStrings)
C:\Users\User\OneDrive\Desktop\faculta\SEM 2\Programare orientare obiect\test 3 practice\TESTING (lab 3 test)\TESTING (lab 3 test)\Service.h(9,6): message : see declaration of 'add_protein_service'
C:\Users\User\OneDrive\Desktop\faculta\SEM 2\Programare orientare obiect\test 3 practice\TESTING (lab 3 test)\TESTING (lab 3 test)\ui.cpp(15,5): message : while trying to match the argument list '(const char [7], const char [5], const char [19])'
C:\Users\User\OneDrive\Desktop\faculta\SEM 2\Programare orientare obiect\test 3 practice\TESTING (lab 3 test)\TESTING (lab 3 test)\ui.cpp(80,9): error C4996: 'scanf': This function or variable may be unsafe. Consider using scanf_s instead. To disable deprecation, use _CRT_SECURE_NO_WARNINGS. See online help for details.
C:\Users\User\OneDrive\Desktop\faculta\SEM 2\Programare orientare obiect\test 3 practice\TESTING (lab 3 test)\TESTING (lab 3 test)\ui.cpp(81,9): error C4996: 'scanf': This function or variable may be unsafe. Consider using scanf_s instead. To disable deprecation, use _CRT_SECURE_NO_WARNINGS. See online help for details.
  Generating Code...
